This file contains any messages produced by compilers while
running configure, to aid debugging if configure makes a mistake.

It was created by mrlock configure 1.0, which was
generated by GNU Autoconf 2.69.  Invocation command line was

  $ ./configure 

## --------- ##
## Platform. ##
## --------- ##

hostname = Peters-MacBook-Air.local
uname -m = x86_64
uname -r = 18.7.0
uname -s = Darwin
uname -v = Darwin Kernel Version 18.7.0: Tue Aug 20 16:57:14 PDT 2019; root:xnu-4903.271.2~2/RELEASE_X86_64

/usr/bin/uname -p = i386
/bin/uname -X     = unknown

/bin/arch              = unknown
/usr/bin/arch -k       = unknown
/usr/convex/getsysinfo = unknown
/usr/bin/hostinfo      = Mach kernel version:
	 Darwin Kernel Version 18.7.0: Tue Aug 20 16:57:14 PDT 2019; root:xnu-4903.271.2~2/RELEASE_X86_64
Kernel configured for up to 4 processors.
2 processors are physically available.
4 processors are logically available.
Processor type: x86_64h (Intel x86-64h Haswell)
Processors active: 0 1 2 3
Primary memory available: 4.00 gigabytes
Default processor set: 290 tasks, 1600 threads, 4 processors
Load average: 7.53, Mach factor: 0.50
/bin/machine           = unknown
/usr/bin/oslevel       = unknown
/bin/universe          = unknown

PATH: /usr/local/bin
PATH: /Users/peterdors/anaconda3/bin
PATH: /usr/local/bin
PATH: /Library/Frameworks/Python.framework/Versions/3.6/bin
PATH: /usr/local/bin
PATH: /usr/bin
PATH: /bin
PATH: /usr/sbin
PATH: /sbin


## ----------- ##
## Core tests. ##
## ----------- ##

configure:2320: checking for a BSD-compatible install
configure:2388: result: /usr/bin/install -c
configure:2399: checking whether build environment is sane
configure:2454: result: yes
configure:2605: checking for a thread-safe mkdir -p
configure:2644: result: bin/install-sh -c -d
configure:2651: checking for gawk
configure:2681: result: no
configure:2651: checking for mawk
configure:2681: result: no
configure:2651: checking for nawk
configure:2681: result: no
configure:2651: checking for awk
configure:2667: found /usr/bin/awk
configure:2678: result: awk
configure:2689: checking whether make sets $(MAKE)
configure:2711: result: yes
configure:2740: checking whether make supports nested variables
configure:2757: result: yes
configure:2916: checking build system type
configure:2930: result: x86_64-apple-darwin18.7.0
configure:2950: checking host system type
configure:2963: result: x86_64-apple-darwin18.7.0
configure:3004: checking how to print strings
configure:3031: result: printf
configure:3056: checking whether make supports the include directive
configure:3071: make -f confmf.GNU && cat confinc.out
this is the am__doit target
configure:3074: $? = 0
configure:3093: result: yes (GNU style)
configure:3163: checking for gcc
configure:3179: found /usr/bin/gcc
configure:3190: result: gcc
configure:3419: checking for C compiler version
configure:3428: gcc --version >&5
Apple LLVM version 10.0.1 (clang-1001.0.46.4)
Target: x86_64-apple-darwin18.7.0
Thread model: posix
InstalledDir: /Applications/Xcode.app/Contents/Developer/Toolchains/XcodeDefault.xctoolchain/usr/bin
Configured with: --prefix=/Applications/Xcode.app/Contents/Developer/usr --with-gxx-include-dir=/Applications/Xcode.app/Contents/Developer/Platforms/MacOSX.platform/Developer/SDKs/MacOSX10.14.sdk/usr/include/c++/4.2.1
configure:3439: $? = 0
configure:3428: gcc -v >&5
Configured with: --prefix=/Applications/Xcode.app/Contents/Developer/usr --with-gxx-include-dir=/Applications/Xcode.app/Contents/Developer/Platforms/MacOSX.platform/Developer/SDKs/MacOSX10.14.sdk/usr/include/c++/4.2.1
Apple LLVM version 10.0.1 (clang-1001.0.46.4)
Target: x86_64-apple-darwin18.7.0
Thread model: posix
InstalledDir: /Applications/Xcode.app/Contents/Developer/Toolchains/XcodeDefault.xctoolchain/usr/bin
configure:3439: $? = 0
configure:3428: gcc -V >&5
clang: error: unsupported option '-V -Wno-atomic-implicit-seq-cst'
clang: error: no input files
configure:3439: $? = 1
configure:3428: gcc -qversion >&5
clang: error: unknown argument '-qversion', did you mean '--version'?
clang: error: no input files
configure:3439: $? = 1
configure:3459: checking whether the C compiler works
configure:3481: gcc    conftest.c  >&5
configure:3485: $? = 0
configure:3533: result: yes
configure:3536: checking for C compiler default output file name
configure:3538: result: a.out
configure:3544: checking for suffix of executables
configure:3551: gcc -o conftest    conftest.c  >&5
configure:3555: $? = 0
configure:3577: result: 
configure:3599: checking whether we are cross compiling
configure:3607: gcc -o conftest    conftest.c  >&5
configure:3611: $? = 0
configure:3618: ./conftest
configure:3622: $? = 0
configure:3637: result: no
configure:3642: checking for suffix of object files
configure:3664: gcc -c   conftest.c >&5
configure:3668: $? = 0
configure:3689: result: o
configure:3693: checking whether we are using the GNU C compiler
configure:3712: gcc -c   conftest.c >&5
configure:3712: $? = 0
configure:3721: result: yes
configure:3730: checking whether gcc accepts -g
configure:3750: gcc -c -g  conftest.c >&5
configure:3750: $? = 0
configure:3791: result: yes
configure:3808: checking for gcc option to accept ISO C89
configure:3871: gcc  -c -g -O2  conftest.c >&5
configure:3871: $? = 0
configure:3884: result: none needed
configure:3909: checking whether gcc understands -c and -o together
configure:3931: gcc -c conftest.c -o conftest2.o
configure:3934: $? = 0
configure:3931: gcc -c conftest.c -o conftest2.o
configure:3934: $? = 0
configure:3946: result: yes
configure:3965: checking dependency style of gcc
configure:4076: result: gcc3
configure:4091: checking for a sed that does not truncate output
configure:4155: result: /usr/bin/sed
configure:4173: checking for grep that handles long lines and -e
configure:4231: result: /usr/bin/grep
configure:4236: checking for egrep
configure:4298: result: /usr/bin/grep -E
configure:4303: checking for fgrep
configure:4365: result: /usr/bin/grep -F
configure:4400: checking for ld used by gcc
configure:4467: result: /Applications/Xcode.app/Contents/Developer/Toolchains/XcodeDefault.xctoolchain/usr/bin/ld
configure:4474: checking if the linker (/Applications/Xcode.app/Contents/Developer/Toolchains/XcodeDefault.xctoolchain/usr/bin/ld) is GNU ld
configure:4489: result: no
configure:4501: checking for BSD- or MS-compatible name lister (nm)
configure:4555: result: /usr/bin/nm -B
configure:4685: checking the name lister (/usr/bin/nm -B) interface
configure:4692: gcc -c -g -O2  conftest.c >&5
configure:4695: /usr/bin/nm -B "conftest.o"
configure:4698: output
0000000000000228 S _some_variable
configure:4705: result: BSD nm
configure:4708: checking whether ln -s works
configure:4712: result: yes
configure:4720: checking the maximum length of command line arguments
configure:4851: result: 196608
configure:4899: checking how to convert x86_64-apple-darwin18.7.0 file names to x86_64-apple-darwin18.7.0 format
configure:4939: result: func_convert_file_noop
configure:4946: checking how to convert x86_64-apple-darwin18.7.0 file names to toolchain format
configure:4966: result: func_convert_file_noop
configure:4973: checking for /Applications/Xcode.app/Contents/Developer/Toolchains/XcodeDefault.xctoolchain/usr/bin/ld option to reload object files
configure:4980: result: -r
configure:5054: checking for objdump
configure:5070: found /usr/bin/objdump
configure:5081: result: objdump
configure:5113: checking how to recognize dependent libraries
configure:5313: result: pass_all
configure:5398: checking for dlltool
configure:5428: result: no
configure:5458: checking how to associate runtime and link libraries
configure:5485: result: printf %s\n
configure:5546: checking for ar
configure:5562: found /usr/bin/ar
configure:5573: result: ar
configure:5610: checking for archiver @FILE support
configure:5627: gcc -c -g -O2  conftest.c >&5
configure:5627: $? = 0
configure:5630: ar cru libconftest.a @conftest.lst >&5
ar: @conftest.lst: No such file or directory
configure:5633: $? = 1
configure:5653: result: no
configure:5711: checking for strip
configure:5727: found /usr/bin/strip
configure:5738: result: strip
configure:5810: checking for ranlib
configure:5826: found /usr/bin/ranlib
configure:5837: result: ranlib
configure:5939: checking command to parse /usr/bin/nm -B output from gcc object
configure:6092: gcc -c -g -O2  conftest.c >&5
configure:6095: $? = 0
configure:6099: /usr/bin/nm -B conftest.o \| sed -n -e 's/^.*[ ]\([BCDEGRST][BCDEGRST]*\)[ ][ ]*\([_A-Za-z][_A-Za-z0-9]*\)$/\1 \2 \2/p' | sed '/ __gnu_lto/d' \> conftest.nm
configure:6102: $? = 0
cannot find nm_test_var in conftest.nm
configure:6092: gcc -c -g -O2  conftest.c >&5
configure:6095: $? = 0
configure:6099: /usr/bin/nm -B conftest.o \| sed -n -e 's/^.*[ ]\([BCDEGRST][BCDEGRST]*\)[ ][ ]*_\([_A-Za-z][_A-Za-z0-9]*\)$/\1 _\2 \2/p' | sed '/ __gnu_lto/d' \> conftest.nm
configure:6102: $? = 0
configure:6168: gcc -o conftest -g -O2   conftest.c conftstm.o >&5
warning: (x86_64)  could not find object file symbol for symbol _main
configure:6171: $? = 0
configure:6209: result: ok
configure:6256: checking for sysroot
configure:6286: result: no
configure:6293: checking for a working dd
configure:6331: result: /bin/dd
configure:6335: checking how to truncate binary pipes
configure:6350: result: /bin/dd bs=4096 count=1
configure:6679: checking for mt
configure:6709: result: no
configure:6729: checking if : is a manifest tool
configure:6735: : '-?'
configure:6743: result: no
configure:6799: checking for dsymutil
configure:6815: found /usr/bin/dsymutil
configure:6826: result: dsymutil
configure:6891: checking for nmedit
configure:6907: found /usr/bin/nmedit
configure:6918: result: nmedit
configure:6983: checking for lipo
configure:6999: found /usr/bin/lipo
configure:7010: result: lipo
configure:7075: checking for otool
configure:7091: found /usr/bin/otool
configure:7102: result: otool
configure:7167: checking for otool64
configure:7197: result: no
configure:7242: checking for -single_module linker flag
gcc -g -O2  -o libconftest.dylib -dynamiclib -Wl,-single_module conftest.c
configure:7275: result: yes
configure:7278: checking for -exported_symbols_list linker flag
configure:7298: gcc -o conftest -g -O2   -Wl,-exported_symbols_list,conftest.sym conftest.c  >&5
configure:7298: $? = 0
configure:7308: result: yes
configure:7311: checking for -force_load linker flag
gcc -g -O2 -c -o conftest.o conftest.c
ar cru libconftest.a conftest.o
ranlib libconftest.a
gcc -g -O2  -o conftest conftest.c -Wl,-force_load,./libconftest.a
configure:7343: result: yes
configure:7420: checking how to run the C preprocessor
configure:7451: gcc -E  conftest.c
configure:7451: $? = 0
configure:7465: gcc -E  conftest.c
conftest.c:11:10: fatal error: 'ac_nonexistent.h' file not found
#include <ac_nonexistent.h>
         ^~~~~~~~~~~~~~~~~~
1 error generated.
configure:7465: $? = 1
configure: failed program was:
| /* confdefs.h */
| #define PACKAGE_NAME "mrlock"
| #define PACKAGE_TARNAME "mrlock"
| #define PACKAGE_VERSION "1.0"
| #define PACKAGE_STRING "mrlock 1.0"
| #define PACKAGE_BUGREPORT "de-li.zhang@knights.ucf.edu"
| #define PACKAGE_URL ""
| #define PACKAGE "mrlock"
| #define VERSION "1.0"
| /* end confdefs.h.  */
| #include <ac_nonexistent.h>
configure:7490: result: gcc -E
configure:7510: gcc -E  conftest.c
configure:7510: $? = 0
configure:7524: gcc -E  conftest.c
conftest.c:11:10: fatal error: 'ac_nonexistent.h' file not found
#include <ac_nonexistent.h>
         ^~~~~~~~~~~~~~~~~~
1 error generated.
configure:7524: $? = 1
configure: failed program was:
| /* confdefs.h */
| #define PACKAGE_NAME "mrlock"
| #define PACKAGE_TARNAME "mrlock"
| #define PACKAGE_VERSION "1.0"
| #define PACKAGE_STRING "mrlock 1.0"
| #define PACKAGE_BUGREPORT "de-li.zhang@knights.ucf.edu"
| #define PACKAGE_URL ""
| #define PACKAGE "mrlock"
| #define VERSION "1.0"
| /* end confdefs.h.  */
| #include <ac_nonexistent.h>
configure:7553: checking for ANSI C header files
configure:7573: gcc -c -g -O2  conftest.c >&5
configure:7573: $? = 0
configure:7646: gcc -o conftest -g -O2   conftest.c  >&5
configure:7646: $? = 0
configure:7646: ./conftest
configure:7646: $? = 0
configure:7657: result: yes
configure:7670: checking for sys/types.h
configure:7670: gcc -c -g -O2  conftest.c >&5
configure:7670: $? = 0
configure:7670: result: yes
configure:7670: checking for sys/stat.h
configure:7670: gcc -c -g -O2  conftest.c >&5
configure:7670: $? = 0
configure:7670: result: yes
configure:7670: checking for stdlib.h
configure:7670: gcc -c -g -O2  conftest.c >&5
configure:7670: $? = 0
configure:7670: result: yes
configure:7670: checking for string.h
configure:7670: gcc -c -g -O2  conftest.c >&5
configure:7670: $? = 0
configure:7670: result: yes
configure:7670: checking for memory.h
configure:7670: gcc -c -g -O2  conftest.c >&5
configure:7670: $? = 0
configure:7670: result: yes
configure:7670: checking for strings.h
configure:7670: gcc -c -g -O2  conftest.c >&5
configure:7670: $? = 0
configure:7670: result: yes
configure:7670: checking for inttypes.h
configure:7670: gcc -c -g -O2  conftest.c >&5
configure:7670: $? = 0
configure:7670: result: yes
configure:7670: checking for stdint.h
configure:7670: gcc -c -g -O2  conftest.c >&5
configure:7670: $? = 0
configure:7670: result: yes
configure:7670: checking for unistd.h
configure:7670: gcc -c -g -O2  conftest.c >&5
configure:7670: $? = 0
configure:7670: result: yes
configure:7684: checking for dlfcn.h
configure:7684: gcc -c -g -O2  conftest.c >&5
configure:7684: $? = 0
configure:7684: result: yes
configure:7940: checking for objdir
configure:7955: result: .libs
configure:8219: checking if gcc supports -fno-rtti -fno-exceptions
configure:8237: gcc -c -g -O2  -fno-rtti -fno-exceptions conftest.c >&5
configure:8241: $? = 0
configure:8254: result: yes
configure:8612: checking for gcc option to produce PIC
configure:8619: result: -fno-common -DPIC
configure:8627: checking if gcc PIC flag -fno-common -DPIC works
configure:8645: gcc -c -g -O2  -fno-common -DPIC -DPIC conftest.c >&5
configure:8649: $? = 0
configure:8662: result: yes
configure:8691: checking if gcc static flag -static works
configure:8719: result: no
configure:8734: checking if gcc supports -c -o file.o
configure:8755: gcc -c -g -O2  -o out/conftest2.o conftest.c >&5
configure:8759: $? = 0
configure:8781: result: yes
configure:8789: checking if gcc supports -c -o file.o
configure:8836: result: yes
configure:8869: checking whether the gcc linker (/Applications/Xcode.app/Contents/Developer/Toolchains/XcodeDefault.xctoolchain/usr/bin/ld) supports shared libraries
configure:10128: result: yes
configure:10368: checking dynamic linker characteristics
configure:11186: result: darwin18.7.0 dyld
configure:11308: checking how to hardcode library paths into programs
configure:11333: result: immediate
configure:11881: checking whether stripping libraries is possible
configure:11895: result: yes
configure:11921: checking if libtool supports shared libraries
configure:11923: result: yes
configure:11926: checking whether to build shared libraries
configure:11951: result: yes
configure:11954: checking whether to build static libraries
configure:11958: result: yes
configure:12057: checking for g++
configure:12073: found /usr/bin/g++
configure:12084: result: g++
configure:12111: checking for C++ compiler version
configure:12120: g++ --version >&5
Apple LLVM version 10.0.1 (clang-1001.0.46.4)
Target: x86_64-apple-darwin18.7.0
Thread model: posix
InstalledDir: /Applications/Xcode.app/Contents/Developer/Toolchains/XcodeDefault.xctoolchain/usr/bin
Configured with: --prefix=/Applications/Xcode.app/Contents/Developer/usr --with-gxx-include-dir=/Applications/Xcode.app/Contents/Developer/Platforms/MacOSX.platform/Developer/SDKs/MacOSX10.14.sdk/usr/include/c++/4.2.1
configure:12131: $? = 0
configure:12120: g++ -v >&5
Configured with: --prefix=/Applications/Xcode.app/Contents/Developer/usr --with-gxx-include-dir=/Applications/Xcode.app/Contents/Developer/Platforms/MacOSX.platform/Developer/SDKs/MacOSX10.14.sdk/usr/include/c++/4.2.1
Apple LLVM version 10.0.1 (clang-1001.0.46.4)
Target: x86_64-apple-darwin18.7.0
Thread model: posix
InstalledDir: /Applications/Xcode.app/Contents/Developer/Toolchains/XcodeDefault.xctoolchain/usr/bin
configure:12131: $? = 0
configure:12120: g++ -V >&5
clang: error: unsupported option '-V -Wno-atomic-implicit-seq-cst'
clang: error: no input files
configure:12131: $? = 1
configure:12120: g++ -qversion >&5
clang: error: unknown argument '-qversion', did you mean '--version'?
clang: error: no input files
configure:12131: $? = 1
configure:12135: checking whether we are using the GNU C++ compiler
configure:12154: g++ -c -g -O1 -Wl,--no-as-needed  conftest.cpp >&5
clang: warning: -Wl,--no-as-needed: 'linker' input unused [-Wunused-command-line-argument]
configure:12154: $? = 0
configure:12163: result: yes
configure:12172: checking whether g++ accepts -g
configure:12192: g++ -c -g  conftest.cpp >&5
configure:12192: $? = 0
configure:12233: result: yes
configure:12258: checking dependency style of g++
configure:12369: result: gcc3
configure:12402: checking how to run the C++ preprocessor
configure:12429: g++ -E  conftest.cpp
configure:12429: $? = 0
configure:12443: g++ -E  conftest.cpp
conftest.cpp:23:10: fatal error: 'ac_nonexistent.h' file not found
#include <ac_nonexistent.h>
         ^~~~~~~~~~~~~~~~~~
1 error generated.
configure:12443: $? = 1
configure: failed program was:
| /* confdefs.h */
| #define PACKAGE_NAME "mrlock"
| #define PACKAGE_TARNAME "mrlock"
| #define PACKAGE_VERSION "1.0"
| #define PACKAGE_STRING "mrlock 1.0"
| #define PACKAGE_BUGREPORT "de-li.zhang@knights.ucf.edu"
| #define PACKAGE_URL ""
| #define PACKAGE "mrlock"
| #define VERSION "1.0"
| #define STDC_HEADERS 1
| #define HAVE_SYS_TYPES_H 1
| #define HAVE_SYS_STAT_H 1
| #define HAVE_STDLIB_H 1
| #define HAVE_STRING_H 1
| #define HAVE_MEMORY_H 1
| #define HAVE_STRINGS_H 1
| #define HAVE_INTTYPES_H 1
| #define HAVE_STDINT_H 1
| #define HAVE_UNISTD_H 1
| #define HAVE_DLFCN_H 1
| #define LT_OBJDIR ".libs/"
| /* end confdefs.h.  */
| #include <ac_nonexistent.h>
configure:12468: result: g++ -E
configure:12488: g++ -E  conftest.cpp
configure:12488: $? = 0
configure:12502: g++ -E  conftest.cpp
conftest.cpp:23:10: fatal error: 'ac_nonexistent.h' file not found
#include <ac_nonexistent.h>
         ^~~~~~~~~~~~~~~~~~
1 error generated.
configure:12502: $? = 1
configure: failed program was:
| /* confdefs.h */
| #define PACKAGE_NAME "mrlock"
| #define PACKAGE_TARNAME "mrlock"
| #define PACKAGE_VERSION "1.0"
| #define PACKAGE_STRING "mrlock 1.0"
| #define PACKAGE_BUGREPORT "de-li.zhang@knights.ucf.edu"
| #define PACKAGE_URL ""
| #define PACKAGE "mrlock"
| #define VERSION "1.0"
| #define STDC_HEADERS 1
| #define HAVE_SYS_TYPES_H 1
| #define HAVE_SYS_STAT_H 1
| #define HAVE_STDLIB_H 1
| #define HAVE_STRING_H 1
| #define HAVE_MEMORY_H 1
| #define HAVE_STRINGS_H 1
| #define HAVE_INTTYPES_H 1
| #define HAVE_STDINT_H 1
| #define HAVE_UNISTD_H 1
| #define HAVE_DLFCN_H 1
| #define LT_OBJDIR ".libs/"
| /* end confdefs.h.  */
| #include <ac_nonexistent.h>
configure:12664: checking for ld used by g++
configure:12731: result: /Applications/Xcode.app/Contents/Developer/Toolchains/XcodeDefault.xctoolchain/usr/bin/ld
configure:12738: checking if the linker (/Applications/Xcode.app/Contents/Developer/Toolchains/XcodeDefault.xctoolchain/usr/bin/ld) is GNU ld
configure:12753: result: no
configure:12808: checking whether the g++ linker (/Applications/Xcode.app/Contents/Developer/Toolchains/XcodeDefault.xctoolchain/usr/bin/ld) supports shared libraries
configure:13881: result: yes
configure:13917: g++ -c -g -O1 -Wl,--no-as-needed  conftest.cpp >&5
clang: warning: -Wl,--no-as-needed: 'linker' input unused [-Wunused-command-line-argument]
configure:13920: $? = 0
configure:14401: checking for g++ option to produce PIC
configure:14408: result: -fno-common -DPIC
configure:14416: checking if g++ PIC flag -fno-common -DPIC works
configure:14434: g++ -c -g -O1 -Wl,--no-as-needed  -fno-common -DPIC -DPIC conftest.cpp >&5
clang: warning: -Wl,--no-as-needed: 'linker' input unused [-Wunused-command-line-argument]
configure:14438: $? = 0
configure:14451: result: yes
configure:14474: checking if g++ static flag -static works
configure:14502: result: no
configure:14514: checking if g++ supports -c -o file.o
configure:14535: g++ -c -g -O1 -Wl,--no-as-needed  -o out/conftest2.o conftest.cpp >&5
clang: warning: -Wl,--no-as-needed: 'linker' input unused [-Wunused-command-line-argument]
configure:14539: $? = 0
configure:14561: result: yes
configure:14566: checking if g++ supports -c -o file.o
configure:14613: result: yes
configure:14643: checking whether the g++ linker (/Applications/Xcode.app/Contents/Developer/Toolchains/XcodeDefault.xctoolchain/usr/bin/ld) supports shared libraries
configure:14683: result: yes
configure:14824: checking dynamic linker characteristics
configure:15569: result: darwin18.7.0 dyld
configure:15634: checking how to hardcode library paths into programs
configure:15659: result: immediate
configure:15747: checking for gcc
configure:15774: result: gcc
configure:16003: checking for C compiler version
configure:16012: gcc --version >&5
Apple LLVM version 10.0.1 (clang-1001.0.46.4)
Target: x86_64-apple-darwin18.7.0
Thread model: posix
InstalledDir: /Applications/Xcode.app/Contents/Developer/Toolchains/XcodeDefault.xctoolchain/usr/bin
Configured with: --prefix=/Applications/Xcode.app/Contents/Developer/usr --with-gxx-include-dir=/Applications/Xcode.app/Contents/Developer/Platforms/MacOSX.platform/Developer/SDKs/MacOSX10.14.sdk/usr/include/c++/4.2.1
configure:16023: $? = 0
configure:16012: gcc -v >&5
Configured with: --prefix=/Applications/Xcode.app/Contents/Developer/usr --with-gxx-include-dir=/Applications/Xcode.app/Contents/Developer/Platforms/MacOSX.platform/Developer/SDKs/MacOSX10.14.sdk/usr/include/c++/4.2.1
Apple LLVM version 10.0.1 (clang-1001.0.46.4)
Target: x86_64-apple-darwin18.7.0
Thread model: posix
InstalledDir: /Applications/Xcode.app/Contents/Developer/Toolchains/XcodeDefault.xctoolchain/usr/bin
configure:16023: $? = 0
configure:16012: gcc -V >&5
clang: error: unsupported option '-V -Wno-atomic-implicit-seq-cst'
clang: error: no input files
configure:16023: $? = 1
configure:16012: gcc -qversion >&5
clang: error: unknown argument '-qversion', did you mean '--version'?
clang: error: no input files
configure:16023: $? = 1
configure:16027: checking whether we are using the GNU C compiler
configure:16055: result: yes
configure:16064: checking whether gcc accepts -g
configure:16125: result: yes
configure:16142: checking for gcc option to accept ISO C89
configure:16218: result: none needed
configure:16243: checking whether gcc understands -c and -o together
configure:16280: result: yes
configure:16299: checking dependency style of gcc
configure:16410: result: gcc3
configure:16430: checking how to run the C preprocessor
configure:16500: result: gcc -E
configure:16520: gcc -E  conftest.c
configure:16520: $? = 0
configure:16534: gcc -E  conftest.c
conftest.c:23:10: fatal error: 'ac_nonexistent.h' file not found
#include <ac_nonexistent.h>
         ^~~~~~~~~~~~~~~~~~
1 error generated.
configure:16534: $? = 1
configure: failed program was:
| /* confdefs.h */
| #define PACKAGE_NAME "mrlock"
| #define PACKAGE_TARNAME "mrlock"
| #define PACKAGE_VERSION "1.0"
| #define PACKAGE_STRING "mrlock 1.0"
| #define PACKAGE_BUGREPORT "de-li.zhang@knights.ucf.edu"
| #define PACKAGE_URL ""
| #define PACKAGE "mrlock"
| #define VERSION "1.0"
| #define STDC_HEADERS 1
| #define HAVE_SYS_TYPES_H 1
| #define HAVE_SYS_STAT_H 1
| #define HAVE_STDLIB_H 1
| #define HAVE_STRING_H 1
| #define HAVE_MEMORY_H 1
| #define HAVE_STRINGS_H 1
| #define HAVE_INTTYPES_H 1
| #define HAVE_STDINT_H 1
| #define HAVE_UNISTD_H 1
| #define HAVE_DLFCN_H 1
| #define LT_OBJDIR ".libs/"
| /* end confdefs.h.  */
| #include <ac_nonexistent.h>
configure:16564: checking whether ln -s works
configure:16568: result: yes
configure:16575: checking whether make sets $(MAKE)
configure:16597: result: yes
configure:16608: checking for pthread_create in -lpthread
configure:16633: gcc -o conftest -g -O2   conftest.c -lpthread   >&5
configure:16633: $? = 0
configure:16642: result: yes
configure:16710: checking for boostlib >= 1.37
configure:16764: g++ -c -g -O1 -Wl,--no-as-needed   conftest.cpp >&5
clang: warning: -Wl,--no-as-needed: 'linker' input unused [-Wunused-command-line-argument]
conftest.cpp:25:11: fatal error: 'boost/version.hpp' file not found
        #include <boost/version.hpp>
                 ^~~~~~~~~~~~~~~~~~~
1 error generated.
configure:16764: $? = 1
configure: failed program was:
| /* confdefs.h */
| #define PACKAGE_NAME "mrlock"
| #define PACKAGE_TARNAME "mrlock"
| #define PACKAGE_VERSION "1.0"
| #define PACKAGE_STRING "mrlock 1.0"
| #define PACKAGE_BUGREPORT "de-li.zhang@knights.ucf.edu"
| #define PACKAGE_URL ""
| #define PACKAGE "mrlock"
| #define VERSION "1.0"
| #define STDC_HEADERS 1
| #define HAVE_SYS_TYPES_H 1
| #define HAVE_SYS_STAT_H 1
| #define HAVE_STDLIB_H 1
| #define HAVE_STRING_H 1
| #define HAVE_MEMORY_H 1
| #define HAVE_STRINGS_H 1
| #define HAVE_INTTYPES_H 1
| #define HAVE_STDINT_H 1
| #define HAVE_UNISTD_H 1
| #define HAVE_DLFCN_H 1
| #define LT_OBJDIR ".libs/"
| #define HAVE_LIBPTHREAD 1
| /* end confdefs.h.  */
| 
| 	#include <boost/version.hpp>
| 
| int
| main ()
| {
| 
| 	#if BOOST_VERSION >= 103700
| 	// Everything is okay
| 	#else
| 	#  error Boost version is too old
| 	#endif
| 
|   ;
|   return 0;
| }
configure:16863: g++ -c -g -O1 -Wl,--no-as-needed   -I/include/boost-0 conftest.cpp >&5
clang: warning: -Wl,--no-as-needed: 'linker' input unused [-Wunused-command-line-argument]
conftest.cpp:25:12: fatal error: 'boost/version.hpp' file not found
                #include <boost/version.hpp>
                         ^~~~~~~~~~~~~~~~~~~
1 error generated.
configure:16863: $? = 1
configure: failed program was:
| /* confdefs.h */
| #define PACKAGE_NAME "mrlock"
| #define PACKAGE_TARNAME "mrlock"
| #define PACKAGE_VERSION "1.0"
| #define PACKAGE_STRING "mrlock 1.0"
| #define PACKAGE_BUGREPORT "de-li.zhang@knights.ucf.edu"
| #define PACKAGE_URL ""
| #define PACKAGE "mrlock"
| #define VERSION "1.0"
| #define STDC_HEADERS 1
| #define HAVE_SYS_TYPES_H 1
| #define HAVE_SYS_STAT_H 1
| #define HAVE_STDLIB_H 1
| #define HAVE_STRING_H 1
| #define HAVE_MEMORY_H 1
| #define HAVE_STRINGS_H 1
| #define HAVE_INTTYPES_H 1
| #define HAVE_STDINT_H 1
| #define HAVE_UNISTD_H 1
| #define HAVE_DLFCN_H 1
| #define LT_OBJDIR ".libs/"
| #define HAVE_LIBPTHREAD 1
| /* end confdefs.h.  */
| 
| 		#include <boost/version.hpp>
| 
| int
| main ()
| {
| 
| 		#if BOOST_VERSION >= 103700
| 		// Everything is okay
| 		#else
| 		#  error Boost version is too old
| 		#endif
| 
|   ;
|   return 0;
| }
configure:16881: Your boost libraries seems to old (version 0).
configure:16908: checking for main in -ltbb
configure:16927: gcc -o conftest -g -O2   conftest.c -ltbb  -lpthread  >&5
configure:16927: $? = 0
configure:16936: result: yes
configure:16964: checking for gettimeofday
configure:16964: gcc -o conftest -g -O2   conftest.c -ltbb -lpthread  >&5
configure:16964: $? = 0
configure:16964: result: yes
configure:16964: checking for getrusage
configure:16964: gcc -o conftest -g -O2   conftest.c -ltbb -lpthread  >&5
configure:16964: $? = 0
configure:16964: result: yes
configure:16975: checking for clock_gettime
configure:16975: gcc -o conftest -g -O2   conftest.c -ltbb -lpthread  >&5
configure:16975: $? = 0
configure:16975: result: yes
configure:17140: checking that generated files are newer than configure
configure:17146: result: done
configure:17177: creating ./config.status

## ---------------------- ##
## Running config.status. ##
## ---------------------- ##

This file was extended by mrlock config.status 1.0, which was
generated by GNU Autoconf 2.69.  Invocation command line was

  CONFIG_FILES    = 
  CONFIG_HEADERS  = 
  CONFIG_LINKS    = 
  CONFIG_COMMANDS = 
  $ ./config.status 

on Peters-MacBook-Air.local

config.status:1157: creating Makefile
config.status:1157: creating src/Makefile
config.status:1157: creating src/config.h
config.status:1386: executing depfiles commands
config.status:1463: cd src       && sed -e '/# am--include-marker/d' Makefile         | make -f - am--depfiles
config.status:1468: $? = 0
config.status:1386: executing libtool commands

## ---------------- ##
## Cache variables. ##
## ---------------- ##

ac_cv_build=x86_64-apple-darwin18.7.0
ac_cv_c_compiler_gnu=yes
ac_cv_cxx_compiler_gnu=yes
ac_cv_env_CCC_set=
ac_cv_env_CCC_value=
ac_cv_env_CC_set=
ac_cv_env_CC_value=
ac_cv_env_CFLAGS_set=
ac_cv_env_CFLAGS_value=
ac_cv_env_CPPFLAGS_set=
ac_cv_env_CPPFLAGS_value=
ac_cv_env_CPP_set=
ac_cv_env_CPP_value=
ac_cv_env_CXXCPP_set=
ac_cv_env_CXXCPP_value=
ac_cv_env_CXXFLAGS_set=
ac_cv_env_CXXFLAGS_value=
ac_cv_env_CXX_set=
ac_cv_env_CXX_value=
ac_cv_env_LDFLAGS_set=
ac_cv_env_LDFLAGS_value=
ac_cv_env_LIBS_set=
ac_cv_env_LIBS_value=
ac_cv_env_LT_SYS_LIBRARY_PATH_set=
ac_cv_env_LT_SYS_LIBRARY_PATH_value=
ac_cv_env_build_alias_set=
ac_cv_env_build_alias_value=
ac_cv_env_host_alias_set=
ac_cv_env_host_alias_value=
ac_cv_env_target_alias_set=
ac_cv_env_target_alias_value=
ac_cv_func_clock_gettime=yes
ac_cv_func_getrusage=yes
ac_cv_func_gettimeofday=yes
ac_cv_header_dlfcn_h=yes
ac_cv_header_inttypes_h=yes
ac_cv_header_memory_h=yes
ac_cv_header_stdc=yes
ac_cv_header_stdint_h=yes
ac_cv_header_stdlib_h=yes
ac_cv_header_string_h=yes
ac_cv_header_strings_h=yes
ac_cv_header_sys_stat_h=yes
ac_cv_header_sys_types_h=yes
ac_cv_header_unistd_h=yes
ac_cv_host=x86_64-apple-darwin18.7.0
ac_cv_lib_pthread_pthread_create=yes
ac_cv_lib_tbb_main=yes
ac_cv_objext=o
ac_cv_path_EGREP='/usr/bin/grep -E'
ac_cv_path_FGREP='/usr/bin/grep -F'
ac_cv_path_GREP=/usr/bin/grep
ac_cv_path_SED=/usr/bin/sed
ac_cv_path_install='/usr/bin/install -c'
ac_cv_path_lt_DD=/bin/dd
ac_cv_prog_AWK=awk
ac_cv_prog_CPP='gcc -E'
ac_cv_prog_CXXCPP='g++ -E'
ac_cv_prog_ac_ct_AR=ar
ac_cv_prog_ac_ct_CC=gcc
ac_cv_prog_ac_ct_CXX=g++
ac_cv_prog_ac_ct_DSYMUTIL=dsymutil
ac_cv_prog_ac_ct_LIPO=lipo
ac_cv_prog_ac_ct_NMEDIT=nmedit
ac_cv_prog_ac_ct_OBJDUMP=objdump
ac_cv_prog_ac_ct_OTOOL=otool
ac_cv_prog_ac_ct_RANLIB=ranlib
ac_cv_prog_ac_ct_STRIP=strip
ac_cv_prog_cc_c89=
ac_cv_prog_cc_g=yes
ac_cv_prog_cxx_g=yes
ac_cv_prog_make_make_set=yes
am_cv_CC_dependencies_compiler_type=gcc3
am_cv_CXX_dependencies_compiler_type=gcc3
am_cv_make_support_nested_variables=yes
am_cv_prog_cc_c_o=yes
lt_cv_apple_cc_single_mod=yes
lt_cv_ar_at_file=no
lt_cv_deplibs_check_method=pass_all
lt_cv_file_magic_cmd='$MAGIC_CMD'
lt_cv_file_magic_test_file=
lt_cv_ld_exported_symbols_list=yes
lt_cv_ld_force_load=yes
lt_cv_ld_reload_flag=-r
lt_cv_nm_interface='BSD nm'
lt_cv_objdir=.libs
lt_cv_path_LD=/Applications/Xcode.app/Contents/Developer/Toolchains/XcodeDefault.xctoolchain/usr/bin/ld
lt_cv_path_LDCXX=/Applications/Xcode.app/Contents/Developer/Toolchains/XcodeDefault.xctoolchain/usr/bin/ld
lt_cv_path_NM='/usr/bin/nm -B'
lt_cv_path_mainfest_tool=no
lt_cv_prog_compiler_c_o=yes
lt_cv_prog_compiler_c_o_CXX=yes
lt_cv_prog_compiler_pic='-fno-common -DPIC'
lt_cv_prog_compiler_pic_CXX='-fno-common -DPIC'
lt_cv_prog_compiler_pic_works=yes
lt_cv_prog_compiler_pic_works_CXX=yes
lt_cv_prog_compiler_rtti_exceptions=yes
lt_cv_prog_compiler_static_works=no
lt_cv_prog_compiler_static_works_CXX=no
lt_cv_prog_gnu_ld=no
lt_cv_prog_gnu_ldcxx=no
lt_cv_sharedlib_from_linklib_cmd='printf %s\n'
lt_cv_sys_global_symbol_pipe='sed -n -e '\''s/^.*[	 ]\([BCDEGRST][BCDEGRST]*\)[	 ][	 ]*_\([_A-Za-z][_A-Za-z0-9]*\)$/\1 _\2 \2/p'\'' | sed '\''/ __gnu_lto/d'\'''
lt_cv_sys_global_symbol_to_c_name_address='sed -n -e '\''s/^: \(.*\) .*$/  {"\1", (void *) 0},/p'\'' -e '\''s/^[BCDEGRST][BCDEGRST]* .* \(.*\)$/  {"\1", (void *) \&\1},/p'\'''
lt_cv_sys_global_symbol_to_c_name_address_lib_prefix='sed -n -e '\''s/^: \(.*\) .*$/  {"\1", (void *) 0},/p'\'' -e '\''s/^[BCDEGRST][BCDEGRST]* .* \(lib.*\)$/  {"\1", (void *) \&\1},/p'\'' -e '\''s/^[BCDEGRST][BCDEGRST]* .* \(.*\)$/  {"lib\1", (void *) \&\1},/p'\'''
lt_cv_sys_global_symbol_to_cdecl='sed -n -e '\''s/^T .* \(.*\)$/extern int \1();/p'\'' -e '\''s/^[BCDEGRST][BCDEGRST]* .* \(.*\)$/extern char \1;/p'\'''
lt_cv_sys_global_symbol_to_import=
lt_cv_sys_max_cmd_len=196608
lt_cv_to_host_file_cmd=func_convert_file_noop
lt_cv_to_tool_file_cmd=func_convert_file_noop
lt_cv_truncate_bin='/bin/dd bs=4096 count=1'

## ----------------- ##
## Output variables. ##
## ----------------- ##

ACLOCAL='${SHELL} /Users/peterdors/Dropbox/2020SpringSemester/COP4520_MultiprocessProgramming/DataStructureProjectAssignment/mrlock-master/bin/missing aclocal-1.16'
AMDEPBACKSLASH='\'
AMDEP_FALSE='#'
AMDEP_TRUE=''
AMTAR='$${TAR-tar}'
AM_BACKSLASH='\'
AM_DEFAULT_V='$(AM_DEFAULT_VERBOSITY)'
AM_DEFAULT_VERBOSITY='1'
AM_V='$(V)'
AR='ar'
AUTOCONF='${SHELL} /Users/peterdors/Dropbox/2020SpringSemester/COP4520_MultiprocessProgramming/DataStructureProjectAssignment/mrlock-master/bin/missing autoconf'
AUTOHEADER='${SHELL} /Users/peterdors/Dropbox/2020SpringSemester/COP4520_MultiprocessProgramming/DataStructureProjectAssignment/mrlock-master/bin/missing autoheader'
AUTOMAKE='${SHELL} /Users/peterdors/Dropbox/2020SpringSemester/COP4520_MultiprocessProgramming/DataStructureProjectAssignment/mrlock-master/bin/missing automake-1.16'
AWK='awk'
BOOST_CPPFLAGS='-I/include/boost-0'
BOOST_LDFLAGS='-L/lib'
CC='gcc'
CCDEPMODE='depmode=gcc3'
CFLAGS='-g -O2'
CPP='gcc -E'
CPPFLAGS=''
CXX='g++'
CXXCPP='g++ -E'
CXXDEPMODE='depmode=gcc3'
CXXFLAGS='-g -O1 -Wl,--no-as-needed'
CYGPATH_W='echo'
DEFS='-DHAVE_CONFIG_H'
DEPDIR='.deps'
DLLTOOL='false'
DSYMUTIL='dsymutil'
DUMPBIN=''
ECHO_C='\c'
ECHO_N=''
ECHO_T=''
EGREP='/usr/bin/grep -E'
EXEEXT=''
FGREP='/usr/bin/grep -F'
GREP='/usr/bin/grep'
INSTALL_DATA='${INSTALL} -m 644'
INSTALL_PROGRAM='${INSTALL}'
INSTALL_SCRIPT='${INSTALL}'
INSTALL_STRIP_PROGRAM='$(install_sh) -c -s'
LD='/Applications/Xcode.app/Contents/Developer/Toolchains/XcodeDefault.xctoolchain/usr/bin/ld'
LDFLAGS=''
LIBOBJS=''
LIBS='-ltbb -lpthread '
LIBTOOL='$(SHELL) $(top_builddir)/libtool'
LIPO='lipo'
LN_S='ln -s'
LTLIBOBJS=''
LT_SYS_LIBRARY_PATH=''
MAKEINFO='${SHELL} /Users/peterdors/Dropbox/2020SpringSemester/COP4520_MultiprocessProgramming/DataStructureProjectAssignment/mrlock-master/bin/missing makeinfo'
MANIFEST_TOOL=':'
MKDIR_P='bin/install-sh -c -d'
NM='/usr/bin/nm -B'
NMEDIT='nmedit'
OBJDUMP='objdump'
OBJEXT='o'
OTOOL64=':'
OTOOL='otool'
PACKAGE='mrlock'
PACKAGE_BUGREPORT='de-li.zhang@knights.ucf.edu'
PACKAGE_NAME='mrlock'
PACKAGE_STRING='mrlock 1.0'
PACKAGE_TARNAME='mrlock'
PACKAGE_URL=''
PACKAGE_VERSION='1.0'
PATH_SEPARATOR=':'
RANLIB='ranlib'
SED='/usr/bin/sed'
SET_MAKE=''
SHELL='/bin/sh'
STRIP='strip'
VERSION='1.0'
WARN_FLAGS='-Wall'
ac_ct_AR='ar'
ac_ct_CC='gcc'
ac_ct_CXX='g++'
ac_ct_DUMPBIN=''
am__EXEEXT_FALSE=''
am__EXEEXT_TRUE='#'
am__fastdepCC_FALSE='#'
am__fastdepCC_TRUE=''
am__fastdepCXX_FALSE='#'
am__fastdepCXX_TRUE=''
am__include='include'
am__isrc=''
am__leading_dot='.'
am__nodep='_no'
am__quote=''
am__tar='$${TAR-tar} chof - "$$tardir"'
am__untar='$${TAR-tar} xf -'
bindir='${exec_prefix}/bin'
build='x86_64-apple-darwin18.7.0'
build_alias=''
build_cpu='x86_64'
build_os='darwin18.7.0'
build_vendor='apple'
datadir='${datarootdir}'
datarootdir='${prefix}/share'
docdir='${datarootdir}/doc/${PACKAGE_TARNAME}'
dvidir='${docdir}'
exec_prefix='${prefix}'
host='x86_64-apple-darwin18.7.0'
host_alias=''
host_cpu='x86_64'
host_os='darwin18.7.0'
host_vendor='apple'
htmldir='${docdir}'
includedir='${prefix}/include'
infodir='${datarootdir}/info'
install_sh='${SHELL} /Users/peterdors/Dropbox/2020SpringSemester/COP4520_MultiprocessProgramming/DataStructureProjectAssignment/mrlock-master/bin/install-sh'
libdir='${exec_prefix}/lib'
libexecdir='${exec_prefix}/libexec'
localedir='${datarootdir}/locale'
localstatedir='${prefix}/var'
mandir='${datarootdir}/man'
mkdir_p='$(MKDIR_P)'
oldincludedir='/usr/include'
pdfdir='${docdir}'
prefix='/usr/local'
program_transform_name='s,x,x,'
psdir='${docdir}'
sbindir='${exec_prefix}/sbin'
sharedstatedir='${prefix}/com'
sysconfdir='${prefix}/etc'
target_alias=''

## ----------- ##
## confdefs.h. ##
## ----------- ##

/* confdefs.h */
#define PACKAGE_NAME "mrlock"
#define PACKAGE_TARNAME "mrlock"
#define PACKAGE_VERSION "1.0"
#define PACKAGE_STRING "mrlock 1.0"
#define PACKAGE_BUGREPORT "de-li.zhang@knights.ucf.edu"
#define PACKAGE_URL ""
#define PACKAGE "mrlock"
#define VERSION "1.0"
#define STDC_HEADERS 1
#define HAVE_SYS_TYPES_H 1
#define HAVE_SYS_STAT_H 1
#define HAVE_STDLIB_H 1
#define HAVE_STRING_H 1
#define HAVE_MEMORY_H 1
#define HAVE_STRINGS_H 1
#define HAVE_INTTYPES_H 1
#define HAVE_STDINT_H 1
#define HAVE_UNISTD_H 1
#define HAVE_DLFCN_H 1
#define LT_OBJDIR ".libs/"
#define HAVE_LIBPTHREAD 1
#define HAVE_LIBTBB 1
#define HAVE_GETTIMEOFDAY 1
#define HAVE_GETRUSAGE 1
#define HAVE_CLOCK_GETTIME 1

configure: exit 0
